<?xml version="1.0" encoding="UTF-8"?>
<testng-results ignored="0" total="1" passed="1" failed="0" skipped="0">
  <reporter-output>
  </reporter-output>
  <suite started-at="2026-01-30T05:36:23 UTC" name="Default suite" finished-at="2026-01-30T05:36:29 UTC" duration-ms="6495">
    <groups>
      <group name="cucumber">
        <method signature="AbstractTestNGCucumberTests.runScenario(io.cucumber.testng.PickleWrapper,io.cucumber.testng.FeatureWrapper)[pri:0, instance:bddpgm.testrunner@1e800aaa]" name="runScenario" class="io.cucumber.testng.AbstractTestNGCucumberTests"/>
      </group> <!-- cucumber -->
    </groups>
    <test started-at="2026-01-30T05:36:23 UTC" name="Default test" finished-at="2026-01-30T05:36:29 UTC" duration-ms="6495">
      <class name="bddpgm.testrunner">
        <test-method is-config="true" signature="setUpClass(org.testng.ITestContext)[pri:0, instance:bddpgm.testrunner@1e800aaa]" started-at="2026-01-30T05:36:23 UTC" name="setUpClass" finished-at="2026-01-30T05:36:23 UTC" duration-ms="356" status="PASS">
          <params>
            <param index="0">
              <value>
                <![CDATA[org.testng.TestRunner@455824ad]]>
              </value>
            </param>
          </params>
          <reporter-output>
          </reporter-output>
        </test-method> <!-- setUpClass -->
        <test-method signature="runScenario(io.cucumber.testng.PickleWrapper,io.cucumber.testng.FeatureWrapper)[pri:0, instance:bddpgm.testrunner@1e800aaa]" started-at="2026-01-30T05:36:23 UTC" name="runScenario" description="Runs Cucumber Scenarios" data-provider="scenarios" finished-at="2026-01-30T05:36:29 UTC" duration-ms="6057" status="PASS">
          <params>
            <param index="0">
              <value>
                <![CDATA["ujanuuu"]]>
              </value>
            </param>
            <param index="1">
              <value>
                <![CDATA["goglesearch"]]>
              </value>
            </param>
          </params>
          <reporter-output>
          </reporter-output>
        </test-method> <!-- runScenario -->
        <test-method is-config="true" signature="tearDownClass()[pri:0, instance:bddpgm.testrunner@1e800aaa]" started-at="2026-01-30T05:36:29 UTC" name="tearDownClass" finished-at="2026-01-30T05:36:29 UTC" duration-ms="48" status="PASS">
          <reporter-output>
          </reporter-output>
        </test-method> <!-- tearDownClass -->
      </class> <!-- bddpgm.testrunner -->
    </test> <!-- Default test -->
  </suite> <!-- Default suite -->
</testng-results>
